生成启动时间为 2017/06/20 22:43:45。
     1>项目“C:\Users\gun\Documents\GitHub\highwayns\hrdesktop\common\src\highwaytalk\highwaytalk.vcxproj”在节点 3 上(Rebuild 个目标)。
     1>ClCompile:
         C:\Program Files (x86)\Microsoft Visual Studio 12.0\VC\bin\CL.exe /c /I.\ /IC:\Users\gun\Documents\GitHub\highwayns\hrdesktop\common\solution\..\include /IC:\Users\gun\Documents\GitHub\highwayns\hrdesktop\common\solution\..\include\utility /IC:\Users\gun\Documents\GitHub\highwayns\hrdesktop\common\solution\..\3rdParty\src\json\include\ /IC:\Users\gun\Documents\GitHub\highwayns\hrdesktop\common\solution\..\3rdParty\src /IC:\Users\gun\Documents\GitHub\highwayns\hrdesktop\common\solution\..\3rdParty\include /IC:\Users\gun\Documents\GitHub\highwayns\hrdesktop\common\solution\\..\..\ /IC:\Users\gun\Documents\GitHub\highwayns\hrdesktop\common\solution\\..\core /IC:\Users\gun\Documents\GitHub\highwayns\hrdesktop\common\solution\\..\..\TTServer\cpp /ZI /nologo /W3 /WX- /sdl /Od /Oy- /D WIN32 /D _WINDOWS /D _DEBUG /D _CRT_SECURE_NO_WARNINGS /D _CRT_NON_CONFORMING_SWPRINTFS /D _USING_V110_SDK71_ /D _UNICODE /D UNICODE /D _AFXDLL /Gm /EHsc /RTC1 /MDd /GS /fp:precise /Zc:wchar_t /Zc:forScope /Yc"stdafx.h" /Fp"C:\Users\gun\Documents\GitHub\highwayns\hrdesktop\common\solution\\..\obj\Debug\highwaytalk_Debug\highwaytalk.pch" /Fo"C:\Users\gun\Documents\GitHub\highwayns\hrdesktop\common\solution\\..\obj\Debug\highwaytalk_Debug\\" /Fd"C:\Users\gun\Documents\GitHub\highwayns\hrdesktop\common\solution\\..\obj\Debug\highwaytalk_Debug\vc120.pdb" /Gd /TP /analyze- /errorReport:prompt stdafx.cpp
         stdafx.cpp
         C:\Program Files (x86)\Microsoft Visual Studio 12.0\VC\bin\CL.exe /c /I.\ /IC:\Users\gun\Documents\GitHub\highwayns\hrdesktop\common\solution\..\include /IC:\Users\gun\Documents\GitHub\highwayns\hrdesktop\common\solution\..\include\utility /IC:\Users\gun\Documents\GitHub\highwayns\hrdesktop\common\solution\..\3rdParty\src\json\include\ /IC:\Users\gun\Documents\GitHub\highwayns\hrdesktop\common\solution\..\3rdParty\src /IC:\Users\gun\Documents\GitHub\highwayns\hrdesktop\common\solution\..\3rdParty\include /IC:\Users\gun\Documents\GitHub\highwayns\hrdesktop\common\solution\\..\..\ /IC:\Users\gun\Documents\GitHub\highwayns\hrdesktop\common\solution\\..\core /IC:\Users\gun\Documents\GitHub\highwayns\hrdesktop\common\solution\\..\..\TTServer\cpp /ZI /nologo /W3 /WX- /sdl /Od /Oy- /D WIN32 /D _WINDOWS /D _DEBUG /D _CRT_SECURE_NO_WARNINGS /D _CRT_NON_CONFORMING_SWPRINTFS /D _USING_V110_SDK71_ /D _UNICODE /D UNICODE /D _AFXDLL /Gm /EHsc /RTC1 /MDd /GS /fp:precise /Zc:wchar_t /Zc:forScope /Yu"stdafx.h" /Fp"C:\Users\gun\Documents\GitHub\highwayns\hrdesktop\common\solution\\..\obj\Debug\highwaytalk_Debug\highwaytalk.pch" /Fo"C:\Users\gun\Documents\GitHub\highwayns\hrdesktop\common\solution\\..\obj\Debug\highwaytalk_Debug\\" /Fd"C:\Users\gun\Documents\GitHub\highwayns\hrdesktop\common\solution\\..\obj\Debug\highwaytalk_Debug\vc120.pdb" /Gd /TP /analyze- /errorReport:prompt highwaytalk.cpp UI\MainDialog.cpp UI\MainDialog_Event.cpp UI\MainDialog_TrayIcon.cpp
         MainDialog_TrayIcon.cpp
         MainDialog_Event.cpp
         MainDialog.cpp
         highwaytalk.cpp
         正在生成代码...
       ResourceCompile:
         C:\Program Files (x86)\Microsoft SDKs\Windows\v7.1A\bin\rc.exe /D _DEBUG /D _USING_V110_SDK71_ /D _UNICODE /D UNICODE /D _AFXDLL /l"0x0804" /IC:\Users\gun\Documents\GitHub\highwayns\hrdesktop\common\solution\\..\obj\Debug\highwaytalk_Debug\ /nologo /fo"C:\Users\gun\Documents\GitHub\highwayns\hrdesktop\common\solution\\..\obj\Debug\highwaytalk_Debug\highwaytalk.res" highwaytalk.rc 
       Link:
         C:\Program Files (x86)\Microsoft Visual Studio 12.0\VC\bin\link.exe /ERRORREPORT:PROMPT /OUT:"C:\Users\gun\Documents\GitHub\highwayns\hrdesktop\common\solution\\..\bin\highwaytalk\Debug\highwaytalk.exe" /INCREMENTAL /NOLOGO /LIBPATH:C:\Users\gun\Documents\GitHub\highwayns\hrdesktop\common\solution\\..\lib\Debug /LIBPATH:C:\Users\gun\Documents\GitHub\highwayns\hrdesktop\common\solution\\..\3rdParty\lib\Debug utility.lib network.lib DuiLib.lib Modules.lib GifSmiley.lib "libprotobuf-lite.lib" httpclient.lib /MANIFEST /MANIFESTUAC:"level='asInvoker' uiAccess='false'" /manifest:embed /manifestinput:"C:\Program Files (x86)\Microsoft Visual Studio 12.0\VC\Include\Manifest\dpiaware.manifest" /DEBUG /PDB:"C:\Users\gun\Documents\GitHub\highwayns\hrdesktop\common\solution\\..\bin\highwaytalk\Debug\highwaytalk.pdb" /SUBSYSTEM:WINDOWS,"5.01" /TLBID:1 /ENTRY:"wWinMainCRTStartup" /DYNAMICBASE /NXCOMPAT /IMPLIB:"C:\Users\gun\Documents\GitHub\highwayns\hrdesktop\common\solution\\..\bin\highwaytalk\Debug\highwaytalk.lib" /MACHINE:X86 C:\Users\gun\Documents\GitHub\highwayns\hrdesktop\common\solution\\..\obj\Debug\highwaytalk_Debug\highwaytalk.res
         C:\Users\gun\Documents\GitHub\highwayns\hrdesktop\common\solution\\..\obj\Debug\highwaytalk_Debug\stdafx.obj
         C:\Users\gun\Documents\GitHub\highwayns\hrdesktop\common\solution\\..\obj\Debug\highwaytalk_Debug\highwaytalk.obj
         C:\Users\gun\Documents\GitHub\highwayns\hrdesktop\common\solution\\..\obj\Debug\highwaytalk_Debug\MainDialog.obj
         C:\Users\gun\Documents\GitHub\highwayns\hrdesktop\common\solution\\..\obj\Debug\highwaytalk_Debug\MainDialog_Event.obj
         C:\Users\gun\Documents\GitHub\highwayns\hrdesktop\common\solution\\..\obj\Debug\highwaytalk_Debug\MainDialog_TrayIcon.obj
     1>libprotobuf-lite.lib(common.obj) : warning LNK4099: 未找到 PDB“vc120.pdb”(使用“libprotobuf-lite.lib(common.obj)”或在“C:\Users\gun\Documents\GitHub\highwayns\hrdesktop\common\bin\highwaytalk\Debug\vc120.pdb”中寻找)；正在链接对象，如同没有调试信息一样
     1>libprotobuf-lite.lib(once.obj) : warning LNK4099: 未找到 PDB“vc120.pdb”(使用“libprotobuf-lite.lib(once.obj)”或在“C:\Users\gun\Documents\GitHub\highwayns\hrdesktop\common\bin\highwaytalk\Debug\vc120.pdb”中寻找)；正在链接对象，如同没有调试信息一样
     1>libprotobuf-lite.lib(atomicops_internals_x86_msvc.obj) : warning LNK4099: 未找到 PDB“vc120.pdb”(使用“libprotobuf-lite.lib(atomicops_internals_x86_msvc.obj)”或在“C:\Users\gun\Documents\GitHub\highwayns\hrdesktop\common\bin\highwaytalk\Debug\vc120.pdb”中寻找)；正在链接对象，如同没有调试信息一样
         highwaytalk.vcxproj -> C:\Users\gun\Documents\GitHub\highwayns\hrdesktop\common\solution\\..\bin\highwaytalk\Debug\highwaytalk.exe
     1>已完成生成项目“C:\Users\gun\Documents\GitHub\highwayns\hrdesktop\common\src\highwaytalk\highwaytalk.vcxproj”(Rebuild 个目标)的操作。

生成成功。

已用时间 00:00:37.20
